#
# A fatal error has been detected by the Java Runtime Environment:
#
#  EXCEPTION_ACCESS_VIOLATION (0xc0000005) at pc=0x000000005fc8a6a5, pid=11508, tid=7876
#
# JRE version: Java(TM) SE Runtime Environment (8.0_31-b13) (build 1.8.0_31-b13)
# Java VM: Java HotSpot(TM) 64-Bit Server VM (25.31-b07 mixed mode windows-amd64 compressed oops)
# Problematic frame:
# V  [jvm.dll+0x11a6a5]
#
# Failed to write core dump. Minidumps are not enabled by default on client versions of Windows
#
# If you would like to submit a bug report, please visit:
#   http://bugreport.java.com/bugreport/crash.jsp
#

---------------  T H R E A D  ---------------

Current thread (0x0000000058e12800):  JavaThread "JDWP Transport Listener: dt_socket" daemon [_thread_in_vm, id=7876, stack(0x00000000592c0000,0x00000000593c0000)]

siginfo: ExceptionCode=0xc0000005, reading address 0xffffffffffffffff

Registers:
RAX=0x00000000593bf601, RBX=0x0000000058e12800, RCX=0x0073647200003b73, RDX=0x0000000000000000
RSP=0x00000000593bf660, RBP=0x0073647200003b73, RSI=0x00000000593bf778, RDI=0x00000000021e9d00
R8 =0x0000000058e12800, R9 =0x0001819c00fc0002, R10=0x0000000000000000, R11=0x00000000593bf8fe
R12=0x0000000000000000, R13=0x0000000058e19068, R14=0x0000000000000000, R15=0x0000000000000000
RIP=0x000000005fc8a6a5, EFLAGS=0x0000000000010202

Top of Stack: (sp=0x00000000593bf660)
0x00000000593bf660:   0000000058e12800 0000000058e12800
0x00000000593bf670:   00000000593bf728 000000005fe87c1b
0x00000000593bf680:   0000000058e12800 000000005fea447d
0x00000000593bf690:   0000000000000000 0000000067649149
0x00000000593bf6a0:   0000000058ed63b8 0000000067652912
0x00000000593bf6b0:   0000000058e12800 0000000000000000
0x00000000593bf6c0:   0000000000000000 0000000000000000
0x00000000593bf6d0:   0073647200003b73 0000000067651a09
0x00000000593bf6e0:   00000000593bf778 00000000593bf750
0x00000000593bf6f0:   0000000000000001 0000000058ed63b8
0x00000000593bf700:   0073647200003b73 00000000676353b3
0x00000000593bf710:   00000000593bf840 0000000000000001
0x00000000593bf720:   0000000000000001 0000000058ed63b8
0x00000000593bf730:   0000000000000009 0000000000000000
0x00000000593bf740:   0000000000000000 0000000000000000
0x00000000593bf750:   0000000000000001 0000000067635571 

Instructions: (pc=0x000000005fc8a6a5)
0x000000005fc8a685:   cc cc cc cc cc cc cc cc cc cc cc 48 83 ec 28 48
0x000000005fc8a695:   85 c9 75 07 33 c0 48 83 c4 28 c3 48 89 5c 24 20
0x000000005fc8a6a5:   48 8b 19 48 85 db 74 20 48 83 fb 37 74 1a 48 8b
0x000000005fc8a6b5:   13 48 8b cb ff 52 10 84 c0 74 0d 48 8b c3 48 8b 


Register to memory mapping:

RAX=0x00000000593bf601 is pointing into the stack for thread: 0x0000000058e12800
RBX=0x0000000058e12800 is a thread
RCX=0x0073647200003b73 is an unknown value
RDX=0x0000000000000000 is an unknown value
RSP=0x00000000593bf660 is pointing into the stack for thread: 0x0000000058e12800
RBP=0x0073647200003b73 is an unknown value
RSI=0x00000000593bf778 is pointing into the stack for thread: 0x0000000058e12800
RDI=0x00000000021e9d00 is an unknown value
R8 =0x0000000058e12800 is a thread
R9 =0x0001819c00fc0002 is an unknown value
R10=0x0000000000000000 is an unknown value
R11=0x00000000593bf8fe is pointing into the stack for thread: 0x0000000058e12800
R12=0x0000000000000000 is an unknown value
R13=0x0000000058e19068 is an unknown value
R14=0x0000000000000000 is an unknown value
R15=0x0000000000000000 is an unknown value


Stack: [0x00000000592c0000,0x00000000593c0000],  sp=0x00000000593bf660,  free space=1021k
Native frames: (J=compiled Java code, j=interpreted, Vv=VM code, C=native code)
V  [jvm.dll+0x11a6a5]
V  [jvm.dll+0x33447d]
C  [jdwp.dll+0x21a09]
C  [jdwp.dll+0x53b3]
C  [jdwp.dll+0x5571]
C  [jdwp.dll+0xf09c]
C  [jdwp.dll+0x1f2c9]
C  [jdwp.dll+0x1f49e]
V  [jvm.dll+0x1ac128]
V  [jvm.dll+0x22c194]
V  [jvm.dll+0x28576a]
C  [msvcr100.dll+0x21d9f]
C  [msvcr100.dll+0x21e3b]
C  [kernel32.dll+0x159ed]
C  [ntdll.dll+0x2c541]


---------------  P R O C E S S  ---------------

Java Threads: ( => current thread )
  0x0000000058ec2000 JavaThread "Service Thread" daemon [_thread_blocked, id=10080, stack(0x0000000059f90000,0x000000005a090000)]
  0x0000000058e3d800 JavaThread "C1 CompilerThread2" daemon [_thread_blocked, id=12816, stack(0x0000000059e00000,0x0000000059f00000)]
  0x0000000058e3c000 JavaThread "C2 CompilerThread1" daemon [_thread_blocked, id=13492, stack(0x0000000059d00000,0x0000000059e00000)]
  0x0000000058e39000 JavaThread "C2 CompilerThread0" daemon [_thread_blocked, id=15944, stack(0x00000000597b0000,0x00000000598b0000)]
  0x0000000058e22000 JavaThread "JDWP Command Reader" daemon [_thread_in_native, id=6604, stack(0x0000000059a90000,0x0000000059b90000)]
  0x0000000058e1c800 JavaThread "JDWP Event Helper Thread" daemon [_thread_blocked, id=6684, stack(0x0000000059550000,0x0000000059650000)]
=>0x0000000058e12800 JavaThread "JDWP Transport Listener: dt_socket" daemon [_thread_in_vm, id=7876, stack(0x00000000592c0000,0x00000000593c0000)]
  0x00000000574e4000 JavaThread "Attach Listener" daemon [_thread_blocked, id=10696, stack(0x0000000058d10000,0x0000000058e10000)]
  0x00000000574e1800 JavaThread "Signal Dispatcher" daemon [_thread_blocked, id=11748, stack(0x0000000058c00000,0x0000000058d00000)]
  0x0000000057485000 JavaThread "Finalizer" daemon [_thread_blocked, id=2596, stack(0x0000000058a30000,0x0000000058b30000)]
  0x000000005747a000 JavaThread "Reference Handler" daemon [_thread_blocked, id=3848, stack(0x00000000588b0000,0x00000000589b0000)]
  0x0000000002108000 JavaThread "main" [_thread_blocked, id=11812, stack(0x00000000024d0000,0x00000000025d0000)]

Other Threads:
  0x0000000057476800 VMThread [stack: 0x0000000058630000,0x0000000058730000] [id=10656]
  0x0000000058ecf800 WatcherThread [stack: 0x0000000059be0000,0x0000000059ce0000] [id=8712]

VM state:not at safepoint (normal execution)

VM Mutex/Monitor currently owned by a thread: None

Heap:
 PSYoungGen      total 38400K, used 3328K [0x00000000d5800000, 0x00000000d8280000, 0x0000000100000000)
  eden space 33280K, 10% used [0x00000000d5800000,0x00000000d5b40220,0x00000000d7880000)
  from space 5120K, 0% used [0x00000000d7d80000,0x00000000d7d80000,0x00000000d8280000)
  to   space 5120K, 0% used [0x00000000d7880000,0x00000000d7880000,0x00000000d7d80000)
 ParOldGen       total 87552K, used 0K [0x0000000080800000, 0x0000000085d80000, 0x00000000d5800000)
  object space 87552K, 0% used [0x0000000080800000,0x0000000080800000,0x0000000085d80000)
 Metaspace       used 3475K, capacity 4612K, committed 4864K, reserved 1056768K
  class space    used 402K, capacity 428K, committed 512K, reserved 1048576K

Card table byte_map: [0x0000000011c60000,0x0000000012060000] byte_map_base: 0x000000001185c000

Marking Bits: (ParMarkBitMap*) 0x000000006034d4f0
 Begin Bits: [0x0000000012730000, 0x0000000014710000)
 End Bits:   [0x0000000014710000, 0x00000000166f0000)

Polling page: 0x0000000000120000

CodeCache: size=245760Kb used=1209Kb max_used=1209Kb free=244550Kb
 bounds [0x00000000028a0000, 0x0000000002b10000, 0x00000000118a0000]
 total_blobs=303 nmethods=65 adapters=160
 compilation: enabled

Compilation events (10 events):
Event: 0.136 Thread 0x0000000058e3d800   60       3       java.util.concurrent.ConcurrentHashMap::spread (10 bytes)
Event: 0.136 Thread 0x0000000058e3d800 nmethod 60 0x00000000029c9e10 code [0x00000000029c9f60, 0x00000000029ca0b0]
Event: 0.136 Thread 0x0000000058e3d800   62       1       java.lang.ref.Reference::get (5 bytes)
Event: 0.136 Thread 0x0000000058e3d800 nmethod 62 0x00000000029c9b50 code [0x00000000029c9ca0, 0x00000000029c9db0]
Event: 0.136 Thread 0x0000000058e3d800   61       1       java.util.ArrayList::size (5 bytes)
Event: 0.136 Thread 0x0000000058e3d800 nmethod 61 0x00000000029cd0d0 code [0x00000000029cd220, 0x00000000029cd330]
Event: 0.138 Thread 0x0000000058e3d800   64       1       java.nio.Buffer::position (5 bytes)
Event: 0.138 Thread 0x0000000058e3d800 nmethod 64 0x00000000029ce010 code [0x00000000029ce160, 0x00000000029ce270]
Event: 18.681 Thread 0x0000000058e3d800   65       3       java.lang.AbstractStringBuilder::<init> (12 bytes)
Event: 18.681 Thread 0x0000000058e3d800 nmethod 65 0x00000000029ce4d0 code [0x00000000029ce640, 0x00000000029ce890]

GC Heap History (0 events):
No events

Deoptimization events (0 events):
No events

Internal exceptions (9 events):
Event: 0.016 Thread 0x0000000002108000 Exception <a 'java/lang/NoSuchMethodError': Method sun.misc.Unsafe.defineClass(Ljava/lang/String;[BII)Ljava/lang/Class; name or signature does not match> (0x00000000d58121d8) thrown at [C:\workspace\8-2-build-windows-amd64-cygwin\jdk8u31\2394\hotspot\src\sRπzsã›ê?
Event: 0.016 Thread 0x0000000002108000 Exception <a 'java/lang/NoSuchMethodError': Method sun.misc.Unsafe.prefetchRead(Ljava/lang/Object;J)V name or signature does not match> (0x00000000d5812468) thrown at [C:\workspace\8-2-build-windows-amd64-cygwin\jdk8u31\2394\hotspot\src\share\vm\prims\jni.dø—\		º?
Event: 0.110 Thread 0x0000000002108000 Exception <a 'java/security/PrivilegedActionException'> (0x00000000d58609f8) thrown at [C:\workspace\8-2-build-windows-amd64-cygwin\jdk8u31\2394\hotspot\src\share\vm\prims\jvm.cpp, line 1312]
Event: 0.122 Thread 0x0000000002108000 Exception <a 'java/security/PrivilegedActionException'> (0x00000000d5889860) thrown at [C:\workspace\8-2-build-windows-amd64-cygwin\jdk8u31\2394\hotspot\src\share\vm\prims\jvm.cpp, line 1312]
Event: 0.122 Thread 0x0000000002108000 Exception <a 'java/security/PrivilegedActionException'> (0x00000000d5889ba8) thrown at [C:\workspace\8-2-build-windows-amd64-cygwin\jdk8u31\2394\hotspot\src\share\vm\prims\jvm.cpp, line 1312]
Event: 0.122 Thread 0x0000000002108000 Exception <a 'java/security/PrivilegedActionException'> (0x00000000d588d830) thrown at [C:\workspace\8-2-build-windows-amd64-cygwin\jdk8u31\2394\hotspot\src\share\vm\prims\jvm.cpp, line 1312]
Event: 0.122 Thread 0x0000000002108000 Exception <a 'java/security/PrivilegedActionException'> (0x00000000d588db78) thrown at [C:\workspace\8-2-build-windows-amd64-cygwin\jdk8u31\2394\hotspot\src\share\vm\prims\jvm.cpp, line 1312]
Event: 0.136 Thread 0x0000000002108000 Exception <a 'java/security/PrivilegedActionException'> (0x00000000d5ad0690) thrown at [C:\workspace\8-2-build-windows-amd64-cygwin\jdk8u31\2394\hotspot\src\share\vm\prims\jvm.cpp, line 1312]
Event: 0.136 Thread 0x0000000002108000 Exception <a 'java/security/PrivilegedActionException'> (0x00000000d5ad17f8) thrown at [C:\workspace\8-2-build-windows-amd64-cygwin\jdk8u31\2394\hotspot\src\share\vm\prims\jvm.cpp, line 1312]

Events (10 events):
Event: 91.425 Executing VM operation: ChangeBreakpoints
Event: 91.425 Executing VM operation: ChangeBreakpoints done
Event: 134.097 Executing VM operation: ChangeBreakpoints
Event: 134.097 Executing VM operation: ChangeBreakpoints done
Event: 134.798 Executing VM operation: ChangeBreakpoints
Event: 134.798 Executing VM operation: ChangeBreakpoints done
Event: 146.314 Executing VM operation: RedefineClasses
Event: 146.314 Executing VM operation: RedefineClasses done
Event: 2057.885 Executing VM operation: RedefineClasses
Event: 2057.885 Executing VM operation: RedefineClasses done


Dynamic libraries:
0x000000013fff0000 - 0x0000000140024000 	C:\Program Files\Java\jre1.8.0_31\bin\javaw.exe
0x0000000077110000 - 0x00000000772b9000 	C:\Windows\SYSTEM32\ntdll.dll
0x0000000076b30000 - 0x0000000076c4f000 	C:\Windows\system32\kernel32.dll
0x000007fefd110000 - 0x000007fefd17c000 	C:\Windows\system32\KERNELBASE.dll
0x000007fefeb30000 - 0x000007fefec0b000 	C:\Windows\system32\ADVAPI32.dll
0x000007feff2e0000 - 0x000007feff37f000 	C:\Windows\system32\msvcrt.dll
0x000007fefec10000 - 0x000007fefec2f000 	C:\Windows\SYSTEM32\sechost.dll
0x000007fefea00000 - 0x000007fefeb2d000 	C:\Windows\system32\RPCRT4.dll
0x0000000077010000 - 0x000000007710a000 	C:\Windows\system32\USER32.dll
0x000007feff010000 - 0x000007feff077000 	C:\Windows\system32\GDI32.dll
0x000007fefe130000 - 0x000007fefe13e000 	C:\Windows\system32\LPK.dll
0x000007fefe590000 - 0x000007fefe659000 	C:\Windows\system32\USP10.dll
0x000007fefba60000 - 0x000007fefbc54000 	C:\Windows\WinSxS\amd64_microsoft.windows.common-controls_6595b64144ccf1df_6.0.7601.17514_none_fa396087175ac9ac\COMCTL32.dll
0x000007fefe700000 - 0x000007fefe771000 	C:\Windows\system32\SHLWAPI.dll
0x000007fefefe0000 - 0x000007feff00e000 	C:\Windows\system32\IMM32.DLL
0x000007fefe020000 - 0x000007fefe129000 	C:\Windows\system32\MSCTF.dll
0x0000000067670000 - 0x0000000067742000 	C:\Program Files\Java\jre1.8.0_31\bin\msvcr100.dll
0x000000005fb70000 - 0x00000000603ca000 	C:\Program Files\Java\jre1.8.0_31\bin\server\jvm.dll
0x000007feeed30000 - 0x000007feeed39000 	C:\Windows\system32\WSOCK32.dll
0x000007feff290000 - 0x000007feff2dd000 	C:\Windows\system32\WS2_32.dll
0x000007fefe9f0000 - 0x000007fefe9f8000 	C:\Windows\system32\NSI.dll
0x000007fefaa50000 - 0x000007fefaa8b000 	C:\Windows\system32\WINMM.dll
0x00000000772e0000 - 0x00000000772e7000 	C:\Windows\system32\PSAPI.DLL
0x000000006f050000 - 0x000000006f05f000 	C:\Program Files\Java\jre1.8.0_31\bin\verify.dll
0x000000006c140000 - 0x000000006c168000 	C:\Program Files\Java\jre1.8.0_31\bin\java.dll
0x0000000067630000 - 0x0000000067665000 	C:\Program Files\Java\jre1.8.0_31\bin\jdwp.dll
0x000000006c200000 - 0x000000006c208000 	C:\Program Files\Java\jre1.8.0_31\bin\npt.dll
0x000000006c120000 - 0x000000006c136000 	C:\Program Files\Java\jre1.8.0_31\bin\zip.dll
0x000007fefd290000 - 0x000007fefe018000 	C:\Windows\system32\SHELL32.dll
0x000007feff080000 - 0x000007feff283000 	C:\Windows\system32\ole32.dll
0x000007fefced0000 - 0x000007fefcedf000 	C:\Windows\system32\profapi.dll
0x000000006c020000 - 0x000000006c029000 	C:\Program Files\Java\jre1.8.0_31\bin\dt_socket.dll
0x000007fefa6e0000 - 0x000007fefa6f5000 	C:\Windows\system32\NLAapi.dll
0x000007fef3f20000 - 0x000007fef3f35000 	C:\Windows\system32\napinsp.dll
0x000007fef3f00000 - 0x000007fef3f19000 	C:\Windows\system32\pnrpnsp.dll
0x000007fefc350000 - 0x000007fefc3a5000 	C:\Windows\System32\mswsock.dll
0x000007fefc1e0000 - 0x000007fefc23b000 	C:\Windows\system32\DNSAPI.dll
0x000007fef34f0000 - 0x000007fef34fb000 	C:\Windows\System32\winrnr.dll
0x000007fef34e0000 - 0x000007fef34f0000 	C:\Windows\system32\wshbth.dll
0x000007fefa580000 - 0x000007fefa5a7000 	C:\Windows\system32\IPHLPAPI.DLL
0x000007fefa540000 - 0x000007fefa54b000 	C:\Windows\system32\WINNSI.DLL
0x000007fefa2d0000 - 0x000007fefa323000 	C:\Windows\System32\fwpuclnt.dll
0x000007fef93f0000 - 0x000007fef93f8000 	C:\Windows\system32\rasadhlp.dll
0x000007fefc780000 - 0x000007fefc787000 	C:\Windows\System32\wshtcpip.dll
0x000007fef3d00000 - 0x000007fef3e25000 	C:\Windows\system32\dbghelp.dll

VM Arguments:
jvm_args: -agentlib:jdwp=transport=dt_socket,suspend=y,address=localhost:27211 -Dfile.encoding=UTF-8 
java_command: _02_SumCards
java_class_path (initial): C:\Users\Nick\workspace\8-Exams-Java-Basics\bin
Launcher Type: SUN_STANDARD

Environment Variables:
PATH=C:/Program Files/Java/jre1.8.0_31/bin/server;C:/Program Files/Java/jre1.8.0_31/bin;C:/Program Files/Java/jre1.8.0_31/lib/amd64;C:\ProgramData\Oracle\Java\javapath;C:\Program Files (x86)\NVIDIA Corporation\PhysX\Common;C:\Program Files (x86)\PC Connectivity Solution\;C:\Windows\system32;C:\Windows;C:\Windows\System32\Wbem;C:\Program Files\Intel\DMIX;c:\Program Files (x86)\Microsoft SQL Server\100\Tools\Binn\;c:\Program Files (x86)\Microsoft SQL Server\100\DTS\Binn\;c:\Program Files (x86)\Microsoft SQL Server\100\Tools\Binn\VSShell\Common7\IDE\;C:\Program Files (x86)\Common Files\Acronis\SnapAPI\;C:\Windows\System32\WindowsPowerShell\v1.0\;c:\Program Files (x86)\Microsoft SQL Server\90\Tools\binn\;C:\Windows\System32\WindowsPowerShell\v1.0\;C:\Program Files (x86)\ATI Technologies\ATI.ACE\Core-Static;C:\Program Files (x86)\Windows Kits\8.1\Windows Performance Toolkit\;C:\Program Files\Microsoft SQL Server\110\Tools\Binn\;C:\Program Files (x86)\AMD\ATI.ACE\Core-Static;C:\Program Files\Java\jdk1.8.0_25\bin;C:\Program Files\TortoiseSVN\bin;C:\Program Files\SlikSvn\bin;C:\Program Files\TortoiseGit\bin;C:\Program Files (x86)\Git\cmd;C:\msysgit\bin;C:\Windows\Microsoft.NET\Framework\v4.0.30319;C:\Program Files\Eclipse;
USERNAME=Nick
OS=Windows_NT
PROCESSOR_IDENTIFIER=Intel64 Family 6 Model 42 Stepping 7, GenuineIntel



---------------  S Y S T E M  ---------------

OS: Windows 7 , 64 bit Build 7601 Service Pack 1

CPU:total 4 (4 cores per cpu, 1 threads per core) family 6 model 42 stepping 7, cmov, cx8, fxsr, mmx, sse, sse2, sse3, ssse3, sse4.1, sse4.2, popcnt, avx, aes, clmul, tsc, tscinvbit

Memory: 4k page, physical 8354960k(2063160k free), swap 25130316k(17339776k free)

vm_info: Java HotSpot(TM) 64-Bit Server VM (25.31-b07) for windows-amd64 JRE (1.8.0_31-b13), built on Dec 17 2014 21:00:28 by "java_re" with MS VC++ 10.0 (VS2010)

time: Wed Jan 28 22:47:01 2015
elapsed time: 2058 seconds (0d 0h 34m 18s)

